This is pdfTeX, Version 3.14159265-2.6-1.40.16 (MiKTeX 2.9 64-bit) (preloaded format=pdflatex 2015.9.4)  7 SEP 2015 18:56
entering extended mode
**Econ_600.tex
(Econ_600.tex
LaTeX2e <2015/01/01> patch level 2
Babel <3.9m> and hyphenation patterns for 69 languages loaded.
("C:\Program Files\MiKTeX 2.9\tex\latex\base\article.cls"
Document Class: article 2014/09/29 v1.4h Standard LaTeX document class
("C:\Program Files\MiKTeX 2.9\tex\latex\base\size12.clo"
File: size12.clo 2014/09/29 v1.4h Standard LaTeX file (size option)
)
\c@part=\count79
\c@section=\count80
\c@subsection=\count81
\c@subsubsection=\count82
\c@paragraph=\count83
\c@subparagraph=\count84
\c@figure=\count85
\c@table=\count86
\abovecaptionskip=\skip41
\belowcaptionskip=\skip42
\bibindent=\dimen102
)
("C:\Program Files\MiKTeX 2.9\tex\latex\hyphenat\hyphenat.sty"
Package: hyphenat 2009/09/02 v2.3c hyphenation utilities
\langwohyphens=\language70
LaTeX Info: Redefining \_ on input line 43.
)
("C:\Program Files\MiKTeX 2.9\tex\latex\geometry\geometry.sty"
Package: geometry 2010/09/12 v5.6 Page Geometry

("C:\Program Files\MiKTeX 2.9\tex\latex\graphics\keyval.sty"
Package: keyval 2014/10/28 v1.15 key=value parser (DPC)
\KV@toks@=\toks14
)
("C:\Program Files\MiKTeX 2.9\tex\generic\oberdiek\ifpdf.sty"
Package: ifpdf 2011/01/30 v2.3 Provides the ifpdf switch (HO)
Package ifpdf Info: pdfTeX in PDF mode is detected.
)
("C:\Program Files\MiKTeX 2.9\tex\generic\oberdiek\ifvtex.sty"
Package: ifvtex 2010/03/01 v1.5 Detect VTeX and its facilities (HO)
Package ifvtex Info: VTeX not detected.
)
("C:\Program Files\MiKTeX 2.9\tex\generic\ifxetex\ifxetex.sty"
Package: ifxetex 2010/09/12 v0.6 Provides ifxetex conditional
)
\Gm@cnth=\count87
\Gm@cntv=\count88
\c@Gm@tempcnt=\count89
\Gm@bindingoffset=\dimen103
\Gm@wd@mp=\dimen104
\Gm@odd@mp=\dimen105
\Gm@even@mp=\dimen106
\Gm@layoutwidth=\dimen107
\Gm@layoutheight=\dimen108
\Gm@layouthoffset=\dimen109
\Gm@layoutvoffset=\dimen110
\Gm@dimlist=\toks15

("C:\Program Files\MiKTeX 2.9\tex\latex\geometry\geometry.cfg"))
("C:\Program Files\MiKTeX 2.9\tex\latex\amsfonts\amssymb.sty"
Package: amssymb 2013/01/14 v3.01 AMS font symbols

("C:\Program Files\MiKTeX 2.9\tex\latex\amsfonts\amsfonts.sty"
Package: amsfonts 2013/01/14 v3.01 Basic AMSFonts support
\@emptytoks=\toks16
\symAMSa=\mathgroup4
\symAMSb=\mathgroup5
LaTeX Font Info:    Overwriting math alphabet `\mathfrak' in version `bold'
(Font)                  U/euf/m/n --> U/euf/b/n on input line 106.
))
("C:\Program Files\MiKTeX 2.9\tex\latex\amsmath\amsmath.sty"
Package: amsmath 2013/01/14 v2.14 AMS math features
\@mathmargin=\skip43

For additional information on amsmath, use the `?' option.
("C:\Program Files\MiKTeX 2.9\tex\latex\amsmath\amstext.sty"
Package: amstext 2000/06/29 v2.01

("C:\Program Files\MiKTeX 2.9\tex\latex\amsmath\amsgen.sty"
File: amsgen.sty 1999/11/30 v2.0
\@emptytoks=\toks17
\ex@=\dimen111
))
("C:\Program Files\MiKTeX 2.9\tex\latex\amsmath\amsbsy.sty"
Package: amsbsy 1999/11/29 v1.2d
\pmbraise@=\dimen112
)
("C:\Program Files\MiKTeX 2.9\tex\latex\amsmath\amsopn.sty"
Package: amsopn 1999/12/14 v2.01 operator names
)
\inf@bad=\count90
LaTeX Info: Redefining \frac on input line 210.
\uproot@=\count91
\leftroot@=\count92
LaTeX Info: Redefining \overline on input line 306.
\classnum@=\count93
\DOTSCASE@=\count94
LaTeX Info: Redefining \ldots on input line 378.
LaTeX Info: Redefining \dots on input line 381.
LaTeX Info: Redefining \cdots on input line 466.
\Mathstrutbox@=\box26
\strutbox@=\box27
\big@size=\dimen113
LaTeX Font Info:    Redeclaring font encoding OML on input line 566.
LaTeX Font Info:    Redeclaring font encoding OMS on input line 567.
\macc@depth=\count95
\c@MaxMatrixCols=\count96
\dotsspace@=\muskip10
\c@parentequation=\count97
\dspbrk@lvl=\count98
\tag@help=\toks18
\row@=\count99
\column@=\count100
\maxfields@=\count101
\andhelp@=\toks19
\eqnshift@=\dimen114
\alignsep@=\dimen115
\tagshift@=\dimen116
\tagwidth@=\dimen117
\totwidth@=\dimen118
\lineht@=\dimen119
\@envbody=\toks20
\multlinegap=\skip44
\multlinetaggap=\skip45
\mathdisplay@stack=\toks21
LaTeX Info: Redefining \[ on input line 2665.
LaTeX Info: Redefining \] on input line 2666.
)
("C:\Program Files\MiKTeX 2.9\tex\latex\amscls\amsthm.sty"
Package: amsthm 2015/03/04 v2.20.2
\thm@style=\toks22
\thm@bodyfont=\toks23
\thm@headfont=\toks24
\thm@notefont=\toks25
\thm@headpunct=\toks26
\thm@preskip=\skip46
\thm@postskip=\skip47
\thm@headsep=\skip48
\dth@everypar=\toks27
)
("C:\Program Files\MiKTeX 2.9\tex\latex\jknappen\mathrsfs.sty"
Package: mathrsfs 1996/01/01 Math RSFS package v1.0 (jk)
\symrsfs=\mathgroup6
)
("C:\Program Files\MiKTeX 2.9\tex\latex\tools\verbatim.sty"
Package: verbatim 2014/10/28 v1.5q LaTeX2e package for verbatim enhancements
\every@verbatim=\toks28
\verbatim@line=\toks29
\verbatim@in@stream=\read1
)
("C:\Program Files\MiKTeX 2.9\tex\latex\was\upgreek.sty"
Package: upgreek 2003/02/12 v2.0 (WaS)
Package upgreek Info: Using Euler Roman for upright Greek on input line 31.
\symugrf@m=\mathgroup7
LaTeX Font Info:    Overwriting symbol font `ugrf@m' in version `bold'
(Font)                  U/eur/m/n --> U/eur/b/n on input line 38.
)
("C:\Program Files\MiKTeX 2.9\tex\latex\extarrows\extarrows.sty"
Package: extarrows 2008/05/15 v1.0b Some extensible arrows
)
("C:\Program Files\MiKTeX 2.9\tex\latex\marginnote\marginnote.sty"
Package: marginnote 2012/03/29 v1.1i non floating margin notes for LaTeX
\c@mn@abspage=\count102
)
("C:\Program Files\MiKTeX 2.9\tex\latex\hyperref\hyperref.sty"
Package: hyperref 2012/11/06 v6.83m Hypertext links for LaTeX

("C:\Program Files\MiKTeX 2.9\tex\generic\oberdiek\hobsub-hyperref.sty"
Package: hobsub-hyperref 2012/04/25 v1.12 Bundle oberdiek, subset hyperref (HO)


("C:\Program Files\MiKTeX 2.9\tex\generic\oberdiek\hobsub-generic.sty"
Package: hobsub-generic 2012/04/25 v1.12 Bundle oberdiek, subset generic (HO)
Package: hobsub 2012/04/25 v1.12 Construct package bundles (HO)
Package: infwarerr 2010/04/08 v1.3 Providing info/warning/error messages (HO)
Package: ltxcmds 2011/11/09 v1.22 LaTeX kernel commands for general use (HO)
Package: ifluatex 2010/03/01 v1.3 Provides the ifluatex switch (HO)
Package ifluatex Info: LuaTeX not detected.
Package hobsub Info: Skipping package `ifvtex' (already loaded).
Package: intcalc 2007/09/27 v1.1 Expandable calculations with integers (HO)
Package hobsub Info: Skipping package `ifpdf' (already loaded).
Package: etexcmds 2011/02/16 v1.5 Avoid name clashes with e-TeX commands (HO)
Package etexcmds Info: Could not find \expanded.
(etexcmds)             That can mean that you are not using pdfTeX 1.50 or
(etexcmds)             that some package has redefined \expanded.
(etexcmds)             In the latter case, load this package earlier.
Package: kvsetkeys 2012/04/25 v1.16 Key value parser (HO)
Package: kvdefinekeys 2011/04/07 v1.3 Define keys (HO)
Package: pdftexcmds 2011/11/29 v0.20 Utility functions of pdfTeX for LuaTeX (HO
)
Package pdftexcmds Info: LuaTeX not detected.
Package pdftexcmds Info: \pdf@primitive is available.
Package pdftexcmds Info: \pdf@ifprimitive is available.
Package pdftexcmds Info: \pdfdraftmode found.
Package: pdfescape 2011/11/25 v1.13 Implements pdfTeX's escape features (HO)
Package: bigintcalc 2012/04/08 v1.3 Expandable calculations on big integers (HO
)
Package: bitset 2011/01/30 v1.1 Handle bit-vector datatype (HO)
Package: uniquecounter 2011/01/30 v1.2 Provide unlimited unique counter (HO)
)
Package hobsub Info: Skipping package `hobsub' (already loaded).
Package: letltxmacro 2010/09/02 v1.4 Let assignment for LaTeX macros (HO)
Package: hopatch 2011/06/24 v1.1 Wrapper for package hooks (HO)
Package: xcolor-patch 2011/01/30 xcolor patch
Package: atveryend 2011/06/30 v1.8 Hooks at the very end of document (HO)
Package atveryend Info: \enddocument detected (standard20110627).
Package: atbegshi 2011/10/05 v1.16 At begin shipout hook (HO)
Package: refcount 2011/10/16 v3.4 Data extraction from label references (HO)
Package: hycolor 2011/01/30 v1.7 Color options for hyperref/bookmark (HO)
)
("C:\Program Files\MiKTeX 2.9\tex\latex\oberdiek\auxhook.sty"
Package: auxhook 2011/03/04 v1.3 Hooks for auxiliary files (HO)
)
("C:\Program Files\MiKTeX 2.9\tex\latex\oberdiek\kvoptions.sty"
Package: kvoptions 2011/06/30 v3.11 Key value format for package options (HO)
)
\@linkdim=\dimen120
\Hy@linkcounter=\count103
\Hy@pagecounter=\count104

("C:\Program Files\MiKTeX 2.9\tex\latex\hyperref\pd1enc.def"
File: pd1enc.def 2012/11/06 v6.83m Hyperref: PDFDocEncoding definition (HO)
)
\Hy@SavedSpaceFactor=\count105

("C:\Program Files\MiKTeX 2.9\tex\latex\00miktex\hyperref.cfg"
File: hyperref.cfg 2002/06/06 v1.2 hyperref configuration of TeXLive
)
Package hyperref Info: Option `colorlinks' set `true' on input line 4319.
Package hyperref Info: Hyper figures OFF on input line 4443.
Package hyperref Info: Link nesting OFF on input line 4448.
Package hyperref Info: Hyper index ON on input line 4451.
Package hyperref Info: Plain pages OFF on input line 4458.
Package hyperref Info: Backreferencing OFF on input line 4463.
Package hyperref Info: Implicit mode ON; LaTeX internals redefined.
Package hyperref Info: Bookmarks ON on input line 4688.
\c@Hy@tempcnt=\count106

("C:\Program Files\MiKTeX 2.9\tex\latex\url\url.sty"
\Urlmuskip=\muskip11
Package: url 2013/09/16  ver 3.4  Verb mode for urls, etc.
)
LaTeX Info: Redefining \url on input line 5041.
\XeTeXLinkMargin=\dimen121
\Fld@menulength=\count107
\Field@Width=\dimen122
\Fld@charsize=\dimen123
Package hyperref Info: Hyper figures OFF on input line 6295.
Package hyperref Info: Link nesting OFF on input line 6300.
Package hyperref Info: Hyper index ON on input line 6303.
Package hyperref Info: backreferencing OFF on input line 6310.
Package hyperref Info: Link coloring ON on input line 6313.
Package hyperref Info: Link coloring with OCG OFF on input line 6320.
Package hyperref Info: PDF/A mode OFF on input line 6325.
LaTeX Info: Redefining \ref on input line 6365.
LaTeX Info: Redefining \pageref on input line 6369.
\Hy@abspage=\count108
\c@Item=\count109
\c@Hfootnote=\count110
)

Package hyperref Message: Driver (autodetected): hpdftex.

("C:\Program Files\MiKTeX 2.9\tex\latex\hyperref\hpdftex.def"
File: hpdftex.def 2012/11/06 v6.83m Hyperref driver for pdfTeX
\Fld@listcount=\count111
\c@bookmark@seq@number=\count112

("C:\Program Files\MiKTeX 2.9\tex\latex\oberdiek\rerunfilecheck.sty"
Package: rerunfilecheck 2011/04/15 v1.7 Rerun checks for auxiliary files (HO)
Package uniquecounter Info: New unique counter `rerunfilecheck' on input line 2
82.
)
\Hy@SectionHShift=\skip49
)
("C:\Program Files\MiKTeX 2.9\tex\latex\pdfpages\pdfpages.sty"
Package: pdfpages 2015/08/16 v0.5c Insert pages of external PDF documents (AM)

("C:\Program Files\MiKTeX 2.9\tex\latex\base\ifthen.sty"
Package: ifthen 2014/09/29 v1.1c Standard LaTeX ifthen package (DPC)
)
("C:\Program Files\MiKTeX 2.9\tex\latex\tools\calc.sty"
Package: calc 2014/10/28 v4.3 Infix arithmetic (KKT,FJ)
\calc@Acount=\count113
\calc@Bcount=\count114
\calc@Adimen=\dimen124
\calc@Bdimen=\dimen125
\calc@Askip=\skip50
\calc@Bskip=\skip51
LaTeX Info: Redefining \setlength on input line 80.
LaTeX Info: Redefining \addtolength on input line 81.
\calc@Ccount=\count115
\calc@Cskip=\skip52
)
("C:\Program Files\MiKTeX 2.9\tex\latex\eso-pic\eso-pic.sty"
Package: eso-pic 2015/07/21 v2.0g eso-pic (RN)

("C:\Program Files\MiKTeX 2.9\tex\latex\xcolor\xcolor.sty"
Package: xcolor 2007/01/21 v2.11 LaTeX color extensions (UK)

("C:\Program Files\MiKTeX 2.9\tex\latex\00miktex\color.cfg"
File: color.cfg 2007/01/18 v1.5 color configuration of teTeX/TeXLive
)
Package xcolor Info: Driver file: pdftex.def on input line 225.

("C:\Program Files\MiKTeX 2.9\tex\latex\pdftex-def\pdftex.def"
File: pdftex.def 2011/05/27 v0.06d Graphics/color for pdfTeX
\Gread@gobject=\count116
)
Package xcolor Info: Model `cmy' substituted by `cmy0' on input line 1337.
Package xcolor Info: Model `hsb' substituted by `rgb' on input line 1341.
Package xcolor Info: Model `RGB' extended on input line 1353.
Package xcolor Info: Model `HTML' substituted by `rgb' on input line 1355.
Package xcolor Info: Model `Hsb' substituted by `hsb' on input line 1356.
Package xcolor Info: Model `tHsb' substituted by `hsb' on input line 1357.
Package xcolor Info: Model `HSB' substituted by `hsb' on input line 1358.
Package xcolor Info: Model `Gray' substituted by `gray' on input line 1359.
Package xcolor Info: Model `wave' substituted by `hsb' on input line 1360.
))
("C:\Program Files\MiKTeX 2.9\tex\latex\graphics\graphicx.sty"
Package: graphicx 2014/10/28 v1.0g Enhanced LaTeX Graphics (DPC,SPQR)

("C:\Program Files\MiKTeX 2.9\tex\latex\graphics\graphics.sty"
Package: graphics 2014/10/28 v1.0p Standard LaTeX Graphics (DPC,SPQR)

("C:\Program Files\MiKTeX 2.9\tex\latex\graphics\trig.sty"
Package: trig 1999/03/16 v1.09 sin cos tan (DPC)
)
("C:\Program Files\MiKTeX 2.9\tex\latex\00miktex\graphics.cfg"
File: graphics.cfg 2007/01/18 v1.5 graphics configuration of teTeX/TeXLive
)
Package graphics Info: Driver file: pdftex.def on input line 94.
)
\Gin@req@height=\dimen126
\Gin@req@width=\dimen127
)
\AM@pagewidth=\dimen128
\AM@pageheight=\dimen129

("C:\Program Files\MiKTeX 2.9\tex\latex\pdfpages\pppdftex.def"
File: pppdftex.def 2015/08/16 v0.5c Pdfpages driver for pdfTeX (AM)
)
("C:\Program Files\MiKTeX 2.9\tex\latex\oberdiek\pdflscape.sty"
Package: pdflscape 2008/08/11 v0.10 Display of landscape pages in PDF (HO)

("C:\Program Files\MiKTeX 2.9\tex\latex\graphics\lscape.sty"
Package: lscape 2000/10/22 v3.01 Landscape Pages (DPC)
)
Package pdflscape Info: Auto-detected driver: pdftex on input line 80.
)
\AM@pagebox=\box28
\AM@toc@title=\toks30
\c@AM@survey=\count117
\AM@templatesizebox=\box29
)
("C:\Program Files\MiKTeX 2.9\tex\latex\lipsum\lipsum.sty"
Package: lipsum 2014/07/27 v1.3 150 paragraphs of Lorem Ipsum dummy text
\c@lips@count=\count118
)
("C:\Program Files\MiKTeX 2.9\tex\latex\mdframed\mdframed.sty"
Package: mdframed 2013/07/01 1.9b: mdframed

("C:\Program Files\MiKTeX 2.9\tex\latex\l3packages\xparse\xparse.sty"
("C:\Program Files\MiKTeX 2.9\tex\latex\l3kernel\expl3.sty"
Package: expl3 2015/07/30 v5724 L3 programming layer (loader) 

("C:\Program Files\MiKTeX 2.9\tex\latex\l3kernel\expl3-code.tex"
Package: expl3 2015/07/30 v5724 L3 programming layer (code) 
L3 Module: l3bootstrap 2015/07/30 v5721 L3 Bootstrap code
L3 Module: l3names 2015/07/28 v5705 L3 Namespace for primitives
L3 Module: l3basics 2015/01/27 v5500 L3 Basic definitions
L3 Module: l3expan 2014/11/27 v5472 L3 Argument expansion
L3 Module: l3tl 2015/07/14 v5659 L3 Token lists
L3 Module: l3str 2015/07/14 v5659 L3 Strings
L3 Module: l3seq 2015/07/24 v5681 L3 Sequences and stacks
L3 Module: l3int 2015/07/14 v5659 L3 Integers
\c_max_int=\count119
\l_tmpa_int=\count120
\l_tmpb_int=\count121
\g_tmpa_int=\count122
\g_tmpb_int=\count123
L3 Module: l3quark 2015/07/14 v5659 L3 Quarks
L3 Module: l3prg 2015/07/30 v5722 L3 Control structures
\g__prg_map_int=\count124
L3 Module: l3clist 2014/08/23 v5354 L3 Comma separated lists
L3 Module: l3token 2014/09/15 v5422 L3 Experimental token manipulation
L3 Module: l3prop 2014/08/23 v5354 L3 Property lists
L3 Module: l3msg 2015/02/26 v5537 L3 Messages
L3 Module: l3file 2015/07/30 v5714 L3 File and I/O operations
\l_iow_line_count_int=\count125
\l__iow_target_count_int=\count126
\l__iow_current_line_int=\count127
\l__iow_current_word_int=\count128
\l__iow_current_indentation_int=\count129
L3 Module: l3skip 2015/07/14 v5659 L3 Dimensions and skips
\c_zero_dim=\dimen130
\c_max_dim=\dimen131
\l_tmpa_dim=\dimen132
\l_tmpb_dim=\dimen133
\g_tmpa_dim=\dimen134
\g_tmpb_dim=\dimen135
\c_zero_skip=\skip53
\c_max_skip=\skip54
\l_tmpa_skip=\skip55
\l_tmpb_skip=\skip56
\g_tmpa_skip=\skip57
\g_tmpb_skip=\skip58
\c_zero_muskip=\muskip12
\c_max_muskip=\muskip13
\l_tmpa_muskip=\muskip14
\l_tmpb_muskip=\muskip15
\g_tmpa_muskip=\muskip16
\g_tmpb_muskip=\muskip17
L3 Module: l3keys 2015/07/26 v5684 L3 Key-value interfaces
\g__keyval_level_int=\count130
\l_keys_choice_int=\count131
L3 Module: l3fp 2015/07/09 v5652 L3 Floating points
\c__fp_leading_shift_int=\count132
\c__fp_middle_shift_int=\count133
\c__fp_trailing_shift_int=\count134
\c__fp_big_leading_shift_int=\count135
\c__fp_big_middle_shift_int=\count136
\c__fp_big_trailing_shift_int=\count137
\c__fp_Bigg_leading_shift_int=\count138
\c__fp_Bigg_middle_shift_int=\count139
\c__fp_Bigg_trailing_shift_int=\count140
L3 Module: l3box 2014/08/23 v5354 L3 Experimental boxes
\c_empty_box=\box30
\l_tmpa_box=\box31
\l_tmpb_box=\box32
\g_tmpa_box=\box33
\g_tmpb_box=\box34
L3 Module: l3coffins 2014/08/23 v5354 L3 Coffin code layer
\l__coffin_internal_box=\box35
\l__coffin_internal_dim=\dimen136
\l__coffin_offset_x_dim=\dimen137
\l__coffin_offset_y_dim=\dimen138
\l__coffin_x_dim=\dimen139
\l__coffin_y_dim=\dimen140
\l__coffin_x_prime_dim=\dimen141
\l__coffin_y_prime_dim=\dimen142
\c_empty_coffin=\box36
\l__coffin_aligned_coffin=\box37
\l__coffin_aligned_internal_coffin=\box38
\l_tmpa_coffin=\box39
\l_tmpb_coffin=\box40
\l__coffin_display_coffin=\box41
\l__coffin_display_coord_coffin=\box42
\l__coffin_display_pole_coffin=\box43
\l__coffin_display_offset_dim=\dimen143
\l__coffin_display_x_dim=\dimen144
\l__coffin_display_y_dim=\dimen145
L3 Module: l3color 2014/08/23 v5354 L3 Experimental color support
L3 Module: l3candidates 2015/07/22 v5677 L3 Experimental additions to l3kernel
\l__box_top_dim=\dimen146
\l__box_bottom_dim=\dimen147
\l__box_left_dim=\dimen148
\l__box_right_dim=\dimen149
\l__box_top_new_dim=\dimen150
\l__box_bottom_new_dim=\dimen151
\l__box_left_new_dim=\dimen152
\l__box_right_new_dim=\dimen153
\l__box_internal_box=\box44
\l__coffin_bounding_shift_dim=\dimen154
\l__coffin_left_corner_dim=\dimen155
\l__coffin_right_corner_dim=\dimen156
\l__coffin_bottom_corner_dim=\dimen157
\l__coffin_top_corner_dim=\dimen158
\l__coffin_scaled_total_height_dim=\dimen159
\l__coffin_scaled_width_dim=\dimen160
L3 Module: l3luatex 2015/06/30 v5646 L3 Experimental LuaTeX-specific functions
)
("C:\Program Files\MiKTeX 2.9\tex\latex\l3kernel\l3unicode-data.def"
File: l3unicode-data.def 2015/07/20 v-1 L3 Unicode data
)
("C:\Program Files\MiKTeX 2.9\tex\latex\l3kernel\l3pdfmode.def"
File: l3pdfmode.def 2015/06/30 v5646 L3 Experimental driver: PDF mode
\l__driver_color_stack_int=\count141
))
Package: xparse 2015/07/28 v5700 L3 Experimental document command parser
\l__xparse_current_arg_int=\count142
\l__xparse_m_args_int=\count143
\l__xparse_mandatory_args_int=\count144
\l__xparse_processor_int=\count145
\l__xparse_v_nesting_int=\count146
)
("C:\Program Files\MiKTeX 2.9\tex\latex\etoolbox\etoolbox.sty"
Package: etoolbox 2015/08/02 v2.2a e-TeX tools for LaTeX (JAW)
\etb@tempcnta=\count147
)
("C:\Program Files\MiKTeX 2.9\tex\latex\oberdiek\zref-abspage.sty"
Package: zref-abspage 2012/04/04 v2.24 Module abspage for zref (HO)

("C:\Program Files\MiKTeX 2.9\tex\latex\oberdiek\zref-base.sty"
Package: zref-base 2012/04/04 v2.24 Module base for zref (HO)
Package zref Info: New property list: main on input line 759.
Package zref Info: New property: default on input line 760.
Package zref Info: New property: page on input line 761.
)
\c@abspage=\count148
Package zref Info: New property: abspage on input line 62.
)
("C:\Program Files\MiKTeX 2.9\tex\latex\needspace\needspace.sty"
Package: needspace 2010/09/12 v1.3d reserve vertical space
)
\mdf@templength=\skip59
\c@mdf@globalstyle@cnt=\count149
\mdf@skipabove@length=\skip60
\mdf@skipbelow@length=\skip61
\mdf@leftmargin@length=\skip62
\mdf@rightmargin@length=\skip63
\mdf@innerleftmargin@length=\skip64
\mdf@innerrightmargin@length=\skip65
\mdf@innertopmargin@length=\skip66
\mdf@innerbottommargin@length=\skip67
\mdf@splittopskip@length=\skip68
\mdf@splitbottomskip@length=\skip69
\mdf@outermargin@length=\skip70
\mdf@innermargin@length=\skip71
\mdf@linewidth@length=\skip72
\mdf@innerlinewidth@length=\skip73
\mdf@middlelinewidth@length=\skip74
\mdf@outerlinewidth@length=\skip75
\mdf@roundcorner@length=\skip76
\mdf@footenotedistance@length=\skip77
\mdf@userdefinedwidth@length=\skip78
\mdf@needspace@length=\skip79
\mdf@frametitleaboveskip@length=\skip80
\mdf@frametitlebelowskip@length=\skip81
\mdf@frametitlerulewidth@length=\skip82
\mdf@frametitleleftmargin@length=\skip83
\mdf@frametitlerightmargin@length=\skip84
\mdf@shadowsize@length=\skip85
\mdf@extratopheight@length=\skip86
\mdf@subtitleabovelinewidth@length=\skip87
\mdf@subtitlebelowlinewidth@length=\skip88
\mdf@subtitleaboveskip@length=\skip89
\mdf@subtitlebelowskip@length=\skip90
\mdf@subtitleinneraboveskip@length=\skip91
\mdf@subtitleinnerbelowskip@length=\skip92
\mdf@subsubtitleabovelinewidth@length=\skip93
\mdf@subsubtitlebelowlinewidth@length=\skip94
\mdf@subsubtitleaboveskip@length=\skip95
\mdf@subsubtitlebelowskip@length=\skip96
\mdf@subsubtitleinneraboveskip@length=\skip97
\mdf@subsubtitleinnerbelowskip@length=\skip98

("C:\Program Files\MiKTeX 2.9\tex\latex\mdframed\md-frame-0.mdf"
File: md-frame-0.mdf 2013/07/01\ 1.9b: md-frame-0
)
\mdf@frametitlebox=\box45
\mdf@footnotebox=\box46
\mdf@splitbox@one=\box47
\mdf@splitbox@two=\box48
\mdf@splitbox@save=\box49
\mdfsplitboxwidth=\skip99
\mdfsplitboxtotalwidth=\skip100
\mdfsplitboxheight=\skip101
\mdfsplitboxdepth=\skip102
\mdfsplitboxtotalheight=\skip103
\mdfframetitleboxwidth=\skip104
\mdfframetitleboxtotalwidth=\skip105
\mdfframetitleboxheight=\skip106
\mdfframetitleboxdepth=\skip107
\mdfframetitleboxtotalheight=\skip108
\mdffootnoteboxwidth=\skip109
\mdffootnoteboxtotalwidth=\skip110
\mdffootnoteboxheight=\skip111
\mdffootnoteboxdepth=\skip112
\mdffootnoteboxtotalheight=\skip113
\mdftotallinewidth=\skip114
\mdfboundingboxwidth=\skip115
\mdfboundingboxtotalwidth=\skip116
\mdfboundingboxheight=\skip117
\mdfboundingboxdepth=\skip118
\mdfboundingboxtotalheight=\skip119
\mdf@freevspace@length=\skip120
\mdf@horizontalwidthofbox@length=\skip121
\mdf@verticalmarginwhole@length=\skip122
\mdf@horizontalspaceofbox=\skip123
\mdfsubtitleheight=\skip124
\mdfsubsubtitleheight=\skip125
\c@mdfcountframes=\count150

****** mdframed patching \endmdf@trivlist

****** -- success******

.................................................
. LaTeX info: "xparse/define-command"
. 
. Defining command \newmdtheoremenv with sig. 'O{} m o m o ' on line 601.
.................................................
.................................................
. LaTeX info: "xparse/define-command"
. 
. Defining command \mdtheorem with sig. ' O{} m o m o ' on line 701.
.................................................
\mdf@envdepth=\count151
\c@mdf@env@i=\count152
\c@mdf@env@ii=\count153
\c@mdf@zref@counter=\count154
Package zref Info: New property: mdf@pagevalue on input line 895.
)
\c@theorem=\count155
\c@THM=\count156
\c@example=\count157
\c@question_sqrt=\count158
\c@typo=\count159

("C:\Program Files\MiKTeX 2.9\tex\latex\bbm\bbm.sty"
Package: bbm 1999/03/15 V 1.2 provides fonts for set symbols - TH
LaTeX Font Info:    Overwriting math alphabet `\mathbbm' in version `bold'
(Font)                  U/bbm/m/n --> U/bbm/bx/n on input line 33.
LaTeX Font Info:    Overwriting math alphabet `\mathbbmss' in version `bold'
(Font)                  U/bbmss/m/n --> U/bbmss/bx/n on input line 35.
)
("C:\Program Files\MiKTeX 2.9\tex\latex\ltxmisc\relsize.sty"
Package: relsize 2003/07/04 ver 3.1
)
("C:\Program Files\MiKTeX 2.9\tex\latex\marvosym\marvosym.sty"
Package: marvosym 2011/07/20 v2.2 Martin Vogel's Symbols font definitions
)
("C:\Program Files\MiKTeX 2.9\tex\latex\tools\enumerate.sty"
Package: enumerate 2014/10/28 v3.00 enumerate extensions (DPC)
\@enLab=\toks31
)
("C:\Program Files\MiKTeX 2.9\tex\latex\oberdiek\colonequals.sty"
Package: colonequals 2006/08/01 v1.0 Colon equals symbols (HO)
)
("C:\Program Files\MiKTeX 2.9\tex\latex\footmisc\footmisc.sty"
Package: footmisc 2011/06/06 v5.5b a miscellany of footnote facilities
\FN@temptoken=\toks32
\footnotemargin=\dimen161
\c@pp@next@reset=\count160
Package footmisc Info: Declaring symbol style bringhurst on input line 855.
Package footmisc Info: Declaring symbol style chicago on input line 863.
Package footmisc Info: Declaring symbol style wiley on input line 872.
Package footmisc Info: Declaring symbol style lamport-robust on input line 883.

Package footmisc Info: Declaring symbol style lamport* on input line 903.
Package footmisc Info: Declaring symbol style lamport*-robust on input line 924
.
)
("C:\Program Files\MiKTeX 2.9\tex\latex\newverbs\newverbs.sty"
Package: newverbs 2012/05/08 v1.3a Define new 'verb' commands and short verb. c
haracters
)
("C:\Program Files\MiKTeX 2.9\tex\latex\mathtools\mathtools.sty"
Package: mathtools 2015/06/17 v1.17 mathematical typesetting tools

("C:\Program Files\MiKTeX 2.9\tex\latex\mathtools\mhsetup.sty"
Package: mhsetup 2010/01/21 v1.2a programming setup (MH)
)
LaTeX Info: Thecontrolsequence`\('isalreadyrobust on input line 129.
LaTeX Info: Thecontrolsequence`\)'isalreadyrobust on input line 129.
LaTeX Info: Thecontrolsequence`\['isalreadyrobust on input line 129.
LaTeX Info: Thecontrolsequence`\]'isalreadyrobust on input line 129.
\g_MT_multlinerow_int=\count161
\l_MT_multwidth_dim=\dimen162
\origjot=\skip126
\l_MT_shortvdotswithinadjustabove_dim=\dimen163
\l_MT_shortvdotswithinadjustbelow_dim=\dimen164
\l_MT_above_intertext_sep=\dimen165
\l_MT_below_intertext_sep=\dimen166
\l_MT_above_shortintertext_sep=\dimen167
\l_MT_below_shortintertext_sep=\dimen168
)
("C:\Program Files\MiKTeX 2.9\tex\generic\oberdiek\mleftright.sty"
Package: mleftright 2010/09/25 v1.0 Math left/right delim. as open/close (HO)
)
("C:\Program Files\MiKTeX 2.9\tex\latex\psnfss\pifont.sty"
Package: pifont 2005/04/12 PSNFSS-v9.2a Pi font support (SPQR) 
LaTeX Font Info:    Try loading font information for U+pzd on input line 63.

("C:\Program Files\MiKTeX 2.9\tex\latex\psnfss\upzd.fd"
File: upzd.fd 2001/06/04 font definitions for U/pzd.
)
LaTeX Font Info:    Try loading font information for U+psy on input line 64.

("C:\Program Files\MiKTeX 2.9\tex\latex\psnfss\upsy.fd"
File: upsy.fd 2001/06/04 font definitions for U/psy.
))
("C:\Program Files\MiKTeX 2.9\tex\latex\ulem\ulem.sty"
\UL@box=\box50
\UL@hyphenbox=\box51
\UL@skip=\skip127
\UL@hook=\toks33
\UL@height=\dimen169
\UL@pe=\count162
\UL@pixel=\dimen170
\ULC@box=\box52
Package: ulem 2012/05/18
\ULdepth=\dimen171
)
("C:\Program Files\MiKTeX 2.9\tex\latex\stackengine\stackengine.sty"
Package: stackengine 2014/01/06 v3.24\ Stacking text and objects in convenient 
ways
\c@@stackindex=\count163
\@boxshift=\skip128
\stack@tmplength=\skip129
\temp@stkl=\skip130
\@stackedboxwidth=\skip131
\@addedbox=\box53
\@anchorbox=\box54
\stackedbox=\box55
\@centerbox=\box56
\c@ROWcellindex@=\count164
)
(Econ_600.aux)
LaTeX Font Info:    Checking defaults for OML/cmm/m/it on input line 180.
LaTeX Font Info:    ... okay on input line 180.
LaTeX Font Info:    Checking defaults for T1/cmr/m/n on input line 180.
LaTeX Font Info:    ... okay on input line 180.
LaTeX Font Info:    Checking defaults for OT1/cmr/m/n on input line 180.
LaTeX Font Info:    ... okay on input line 180.
LaTeX Font Info:    Checking defaults for OMS/cmsy/m/n on input line 180.
LaTeX Font Info:    ... okay on input line 180.
LaTeX Font Info:    Checking defaults for OMX/cmex/m/n on input line 180.
LaTeX Font Info:    ... okay on input line 180.
LaTeX Font Info:    Checking defaults for U/cmr/m/n on input line 180.
LaTeX Font Info:    ... okay on input line 180.
LaTeX Font Info:    Checking defaults for PD1/pdf/m/n on input line 180.
LaTeX Font Info:    ... okay on input line 180.

*geometry* driver: auto-detecting
*geometry* detected driver: pdftex
*geometry* verbose mode - [ preamble ] result:
* driver: pdftex
* paper: <default>
* layout: <same size as paper>
* layoutoffset:(h,v)=(0.0pt,0.0pt)
* modes: 
* h-part:(L,W,R)=(72.26999pt, 469.75502pt, 72.26999pt)
* v-part:(T,H,B)=(72.26999pt, 650.43001pt, 72.26999pt)
* \paperwidth=614.295pt
* \paperheight=794.96999pt
* \textwidth=469.75502pt
* \textheight=650.43001pt
* \oddsidemargin=0.0pt
* \evensidemargin=0.0pt
* \topmargin=-37.0pt
* \headheight=12.0pt
* \headsep=25.0pt
* \topskip=12.0pt
* \footskip=30.0pt
* \marginparwidth=44.0pt
* \marginparsep=10.0pt
* \columnsep=10.0pt
* \skip\footins=10.8pt plus 4.0pt minus 2.0pt
* \hoffset=0.0pt
* \voffset=0.0pt
* \mag=1000
* \@twocolumnfalse
* \@twosidefalse
* \@mparswitchfalse
* \@reversemarginfalse
* (1in=72.27pt=25.4mm, 1cm=28.453pt)

Package marginnote Info: \pdfoutput not 0 and \pdflastxpos available.
(marginnote)             Extended position detection mode activated.
\AtBeginShipoutBox=\box57
Package hyperref Info: Link coloring ON on input line 180.
("C:\Program Files\MiKTeX 2.9\tex\latex\hyperref\nameref.sty"
Package: nameref 2012/10/27 v2.43 Cross-referencing by name of section

("C:\Program Files\MiKTeX 2.9\tex\generic\oberdiek\gettitlestring.sty"
Package: gettitlestring 2010/12/03 v1.4 Cleanup title references (HO)
)
\c@section@level=\count165
)
LaTeX Info: Redefining \ref on input line 180.
LaTeX Info: Redefining \pageref on input line 180.
LaTeX Info: Redefining \nameref on input line 180.

(Econ_600.out) (Econ_600.out)
\@outlinefile=\write3

("C:\Program Files\MiKTeX 2.9\tex\context\base\supp-pdf.mkii"
[Loading MPS to PDF converter (version 2006.09.02).]
\scratchcounter=\count166
\scratchdimen=\dimen172
\scratchbox=\box58
\nofMPsegments=\count167
\nofMParguments=\count168
\everyMPshowfont=\toks34
\MPscratchCnt=\count169
\MPscratchDim=\dimen173
\MPnumerator=\count170
\makeMPintoPDFobject=\count171
\everyMPtoPDFconversion=\toks35
)
LaTeX Font Info:    Try loading font information for U+msa on input line 182.
 ("C:\Program Files\MiKTeX 2.9\tex\latex\amsfonts\umsa.fd"
File: umsa.fd 2013/01/14 v3.01 AMS symbols A
)
LaTeX Font Info:    Try loading font information for U+msb on input line 182.

("C:\Program Files\MiKTeX 2.9\tex\latex\amsfonts\umsb.fd"
File: umsb.fd 2013/01/14 v3.01 AMS symbols B
)
LaTeX Font Info:    Try loading font information for U+rsfs on input line 182.

("C:\Program Files\MiKTeX 2.9\tex\latex\jknappen\ursfs.fd"
File: ursfs.fd 1998/03/24 rsfs font definition file (jk)
)
LaTeX Font Info:    Try loading font information for OMS+cmr on input line 193.


("C:\Program Files\MiKTeX 2.9\tex\latex\base\omscmr.fd"
File: omscmr.fd 2014/09/29 v2.5h Standard LaTeX font definitions
)
LaTeX Font Info:    Font shape `OMS/cmr/m/n' in size <12> not available
(Font)              Font shape `OMS/cmsy/m/n' tried instead on input line 193.


Package hyperref Warning: Token not allowed in a PDF string (PDFDocEncoding):
(hyperref)                removing `\@ifnextchar' on input line 200.


Package hyperref Warning: Token not allowed in a PDF string (PDFDocEncoding):
(hyperref)                removing `math shift' on input line 200.


Package hyperref Warning: Token not allowed in a PDF string (PDFDocEncoding):
(hyperref)                removing `math shift' on input line 200.

[1

{C:/Users/llinfeng/AppData/Local/MiKTeX/2.9/pdftex/config/pdftex.map}]
Package marginnote Info: Margin note 2.1 is on absolute page 2
(marginnote)              on input line 259.
Package marginnote Info: right page because not two side mode on input line 259
.
Package marginnote Info: xpos seems to be 487.49904pt,
(marginnote)             \marginnoterightadjust ignored on input line 259.
Package mdframed Info: mdframed detected package amsthm 
 changed the theorem header of amsthm
(mdframed)              on input line 276.
Package mdframed Info: mdframed detected package amsthm 
 changed the theorem header of amsthm
(mdframed)              on input line 309.

[2]
Package mdframed Info: Not enough space on this page on input line 314.
 [3] [4]
Package mdframed Info: mdframed detected package amsthm 
 changed the theorem header of amsthm
(mdframed)              on input line 452.
pdfTeX warning (ext4): destination with the same identifier (name{theorem.1.1})
 has been already used, duplicate ignored
<to be read again> 
                   \relax 
l.522     F
           or two sets $A$ and $B$, an ordered pair is $(a,b)$ such that $a ...
pdfTeX warning (ext4): destination with the same identifier (name{theorem.1.2})
 has been already used, duplicate ignored
<to be read again> 
                   \relax 
l.528     L
           et there be $n$ sets: $A_1, \ldots, A_n$,pdfTeX warning (ext4): dest
ination with the same identifier (name{theorem.1.3}) has been already used, dup
licate ignored
<to be read again> 
                   \relax 
l.536     L
           et $A_1, \ldots, A_n$ be non-empty sets. Cartesion product of $A_...
pdfTeX warning (ext4): destination with the same identifier (name{theorem.1.4})
 has been already used, duplicate ignored
<to be read again> 
                   \relax 
l.547     A
            relation from set $A$ to set $B$ is a subset of $A\times B$, den...
[5]pdfTeX warning (ext4): destination with the same identifier (name{theorem.1.
5}) has been already used, duplicate ignored
<to be read again> 
                   \relax 
l.558     A
            relation $R \subseteq A \times A$ is said to be:pdfTeX warning (ext
4): destination with the same identifier (name{theorem.1.6}) has been already u
sed, duplicate ignored
<to be read again> 
                   \relax 
l.600     A
           n \textbf{equivalence} on set $A$ is a relation $E$ that ispdfTeX wa
rning (ext4): destination with the same identifier (name{theorem.1.7}) has been
 already used, duplicate ignored
<to be read again> 
                   \relax 
l.614     A
            function from set $A$ to set $B$ is a relation $f$ from $A$ to $...
[6]pdfTeX warning (ext4): destination with the same identifier (name{theorem.1.
8}) has been already used, duplicate ignored
<to be read again> 
                   \relax 
l.634     I
           f $f$ is a function from $A$ to $B$, then $A$ is called thepdfTeX wa
rning (ext4): destination with the same identifier (name{theorem.1.9}) has been
 already used, duplicate ignored
<to be read again> 
                   \relax 
l.644     [Propoteries of functions] L
                                      et $f$ be a function, then:
Package marginnote Info: Margin note 7.1 is on absolute page 7
(marginnote)              on input line 647.
Package marginnote Info: right page because not two side mode on input line 647
.
Package marginnote Info: xpos seems to be 264.99153pt,
(marginnote)             \marginnoterightadjust ignored on input line 647.
Package marginnote Info: Margin note 7.2 is on absolute page 7
(marginnote)              on input line 649.
Package marginnote Info: right page because not two side mode on input line 649
.
Package marginnote Info: xpos seems to be 357.78267pt,
(marginnote)             \marginnoterightadjust ignored on input line 649.
pdfTeX warning (ext4): destination with the same identifier (name{theorem.1.10}
) has been already used, duplicate ignored
<to be read again> 
                   \relax 
l.666     F
           or $f: A \to B$ and $C\subseteq A$, \underline{ the \textbf{image...

Overfull \hbox (21.9323pt too wide) in paragraph at lines 666--668
[][]\OT1/cmr/bx/n/12 Definition 1.10 \OT1/cmr/m/n/12 (Im-age and Preim-age)\OT1
/cmr/bx/n/12 . [][]\OT1/cmr/m/n/12 For $\OML/cmm/m/it/12 f \OT1/cmr/m/n/12 : \O
ML/cmm/m/it/12 A \OMS/cmsy/m/n/12 ! \OML/cmm/m/it/12 B$ \OT1/cmr/m/n/12 and $\O
ML/cmm/m/it/12 C \OMS/cmsy/m/n/12  \OML/cmm/m/it/12 A$\OT1/cmr/m/n/12 , $[]$ 
 []

pdfTeX warning (ext4): destination with the same identifier (name{theorem.1.11}
) has been already used, duplicate ignored
<to be read again> 
                   \relax 
l.693     G
           iven $f: A \to B$, then $f^{-1}: B \to A$ is a function if and on...
pdfTeX warning (ext4): destination with the same identifier (name{theorem.1.12}
) has been already used, duplicate ignored
<to be read again> 
                   \relax 
l.700     A
            sequence is a function $f: N \to A$, denoted by $\{a_1, a_2, \ld...
pdfTeX warning (ext4): destination with the same identifier (name{theorem.1.13}
) has been already used, duplicate ignored
<to be read again> 
                   \relax 
l.710     T
           wo sets $A, B$ have the same cardinality if $\exists$ a bijective...

Overfull \hbox (13.30763pt too wide) in paragraph at lines 710--712
[][]\OT1/cmr/bx/n/12 Definition 1.13 \OT1/cmr/m/n/12 (Car-di-nal-ity, for (in-f
i-nite) se-quences)\OT1/cmr/bx/n/12 . [][]\OT1/cmr/m/n/12 Two sets $\OML/cmm/m/
it/12 A; B$ \OT1/cmr/m/n/12 have the same car-di-nal-ity
 []

[7]pdfTeX warning (ext4): destination with the same identifier (name{theorem.1.
14}) has been already used, duplicate ignored
<to be read again> 
                   \relax 
l.725     $
           T: A \rightrightarrows B$ is a correspondence such that $T: A \to...
pdfTeX warning (ext4): destination with the same identifier (name{theorem.1.1})
 has been already used, duplicate ignored
<to be read again> 
                   \relax 
l.733     A
            sequence of real number is a function $a : N \to \R$ s.t. $a(i) ...
pdfTeX warning (ext4): destination with the same identifier (name{theorem.1.2})
 has been already used, duplicate ignored
<to be read again> 
                   \relax 
l.738     A
            real sequence is increasing if $a_{n+1} \ge a_n$ $\forall n \in N$.
pdfTeX warning (ext4): destination with the same identifier (name{theorem.1.3})
 has been already used, duplicate ignored
<to be read again> 
                   \relax 
l.742     A
            real sequence ispdfTeX warning (ext4): destination with the same id
entifier (name{theorem.1.4}) has been already used, duplicate ignored
<to be read again> 
                   \relax 
l.756     $
           a \in \R$ is the least upper bound of a sequence $\{a_n\}$ ifpdfTeX 
warning (ext4): destination with the same identifier (name{theorem.1.5}) has be
en already used, duplicate ignored
<to be read again> 
                   \relax 
l.766     I
           f $S$ is a nonempty set of real numbers that is bounded above, th...
pdfTeX warning (ext4): destination with the same identifier (name{theorem.1.6})
 has been already used, duplicate ignored
<to be read again> 
                   \relax 
l.775     A
            real sequence $\{a_n\}$ converges to the limit $a\in \R$ if $\fo...
[8] [9] [10]
Package marginnote Info: Margin note 11.1 is on absolute page 12
(marginnote)              on input line 1042.
Package marginnote Info: right page because not two side mode on input line 104
2.
Package marginnote Info: xpos seems to be 175.86075pt,
(marginnote)             \marginnoterightadjust ignored on input line 1042.
 [11] [12]
Package mdframed Info: mdframed detected package amsthm 
 changed the theorem header of amsthm
(mdframed)              on input line 1147.
 [13]
Package mdframed Info: mdframed detected package amsthm 
 changed the theorem header of amsthm
(mdframed)              on input line 1252.
 [14]
Package mdframed Info: mdframed detected package amsthm 
 changed the theorem header of amsthm
(mdframed)              on input line 1301.
pdfTeX warning (ext4): destination with the same identifier (name{theorem.2.1})
 has been already used, duplicate ignored
<to be read again> 
                   \relax 
l.1318     A
             real valued function defined on $X$ (an arbitrary set) is repre...
pdfTeX warning (ext4): destination with the same identifier (name{theorem.2.2})
 has been already used, duplicate ignored
<to be read again> 
                   \relax 
l.1324 \begin{notation} F
                         or $a \in \R$ and $f,g$ being real value functions,pdf
TeX warning (ext4): destination with the same identifier (name{theorem.2.3}) ha
s been already used, duplicate ignored
<to be read again> 
                   \relax 
l.1340 ...strictly/weakly increasing/decreasing] C
                                                  onstruction is intuitive and
Overfull \hbox (3.58127pt too wide) in paragraph at lines 1340--1342
[][]\OT1/cmr/bx/n/12 Definition 2.3 \OT1/cmr/m/n/12 (strictly/weakly in-creas-i
ng/decreasing)\OT1/cmr/bx/n/12 . [][]\OT1/cmr/m/n/12 Con-struc-tion is in-tu-it
ive and thereby
 []

pdfTeX warning (ext4): destination with the same identifier (name{theorem.2.4})
 has been already used, duplicate ignored
<to be read again> 
                   \relax 
l.1345     [Limit of function] A
                                 function $f : x \to \R$ converges to $a \in...
pdfTeX warning (ext4): destination with the same identifier (name{theorem.2.5})
 has been already used, duplicate ignored
<to be read again> 
                   \relax 
l.1359     A
             function $f : x \to \R$ converges to $a \in \R$ from right as $x$
[15]pdfTeX warning (ext4): destination with the same identifier (name{theorem.2
.6}) has been already used, duplicate ignored
<to be read again> 
                   \relax 
l.1372     S
            uppose $f: X \to \R$ and $g: X \to \R$, with $\underset{x\to x_0...
pdfTeX warning (ext4): destination with the same identifier (name{theorem.2.7})
 has been already used, duplicate ignored
<to be read again> 
                   \relax 
l.1383     [Continuity] A
                          function $f: X \to \R$ is continuous at $x_0 \in X...

Package hyperref Warning: Token not allowed in a PDF string (PDFDocEncoding):
(hyperref)                removing `math shift' on input line 1392.


Package hyperref Warning: Token not allowed in a PDF string (PDFDocEncoding):
(hyperref)                removing `\to' on input line 1392.


Package hyperref Warning: Token not allowed in a PDF string (PDFDocEncoding):
(hyperref)                removing `math shift' on input line 1392.

[16]
Package mdframed Info: mdframed detected package amsthm 
 changed the theorem header of amsthm
(mdframed)              on input line 1441.
 [17]
Overfull \hbox (1.47589pt too wide) in paragraph at lines 1499--1502
[][]\OT1/cmr/m/n/12 Note that, by con-struc-tion of $\OML/cmm/m/it/12 span\OT1/
cmr/m/n/12 (\OML/cmm/m/it/12 A\OT1/cmr/m/n/12 )$, ar-bi-trary co-ef-fi-cient is
 al-lows. Let-ting
 []

[18]
Overfull \hbox (0.10538pt too wide) in paragraph at lines 1552--1554
[][]\OT1/cmr/m/n/12 Note that, it seems to me that the finite-ness as-sump-tion
 only serves the need of sim-pli-fy-ing
 []


Overfull \hbox (17.67467pt too wide) in paragraph at lines 1572--1574
[][]\OT1/cmr/bx/n/12 Definition 3.13 \OT1/cmr/m/n/12 (Rank of a ma-trix)\OT1/cm
r/bx/n/12 . [][]\OT1/cmr/m/n/12 The \OT1/cmr/m/it/12 max-i-mum num-ber \OT1/cmr
/m/n/12 of lin-early in-de-pen-dent row/column
 []

pdfTeX warning (ext4): destination with the same identifier (name{theorem.3.1})
 has been already used, duplicate ignored
<to be read again> 
                   \relax 
l.1597     A
            n interval of $\R$ is either $[a,b]$, $(a,b]$, $[a,b)$ or $(a,b)...
pdfTeX warning (ext4): destination with the same identifier (name{theorem.3.2})
 has been already used, duplicate ignored
<to be read again> 
                   \relax 
l.1604     I
            f $I$ is an interval of $\R$ \footnote{ $I$ could be a connected...
pdfTeX warning (ext4): destination with the same identifier (name{theorem.3.3})
 has been already used, duplicate ignored
<to be read again> 
                   \relax 
l.1610     I
            f $f$ is continuous and bijective (thus invertible, i.e. $f^{-1}...
[19pdfTeX warning (ext4): destination with the same identifier (name{theorem.3.
13}) has been already used, duplicate ignored

\AtBegShi@Output ...ipout \box \AtBeginShipoutBox 
                                                  \fi \fi 
l.1618         \begin{quote}
                            ]pdfTeX warning (ext4): destination with the same i
dentifier (name{theorem.3.4}) has been already used, duplicate ignored
<to be read again> 
                   \relax 
l.1628     I
            f $f: [a,b] \to \R$ is continuous, then $\exists x_1, x_2 \in [a...
pdfTeX warning (ext4): destination with the same identifier (name{theorem.3.5})
 has been already used, duplicate ignored
<to be read again> 
                   \relax 
l.1641     $
            f : x \to \R$ is said to be uniformly continuous if $\forall \va...
pdfTeX warning (ext4): destination with the same identifier (name{theorem.3.6})
 has been already used, duplicate ignored
<to be read again> 
                   \relax 
l.1654     P
            rove that $f(x) = \frac{1}{x}$ ($x > 0$) is not uniformly contin...
[20]pdfTeX warning (ext4): destination with the same identifier (name{theorem.3
.1}) has been already used, duplicate ignored
<to be read again> 
                   \relax 
l.1706     `
            `Differentiation'' is essentially a process of taking linear app...
pdfTeX warning (ext4): destination with the same identifier (name{theorem.3.2})
 has been already used, duplicate ignored
<to be read again> 
                   \relax 
l.1711     T
            he tangent line to a function $y = f(x)$ at the point $(x_0,pdfTeX 
warning (ext4): destination with the same identifier (name{theorem.3.3}) has be
en already used, duplicate ignored
<to be read again> 
                   \relax 
l.1726     T
            he \textbf{derivative of $f: x \to \R$} {\textbf{at} $\highlight...
pdfTeX warning (ext4): destination with the same identifier (name{theorem.3.4})
 has been already used, duplicate ignored
<to be read again> 
                   \relax 
l.1744     [Properties of derivatives] F
                                        or $f,g$ as functions and $a,b \in \R$:
pdfTeX warning (ext4): destination with the same identifier (name{theorem.3.5})
 has been already used, duplicate ignored
<to be read again> 
                   \relax 
l.1752     [Chain Rule] I
                         f $g: x\to \R$ is differentiable at $x_0 \in X$ and...
[21]pdfTeX warning (ext4): destination with the same identifier (name{theorem.3
.6}) has been already used, duplicate ignored
<to be read again> 
                   \relax 
l.1765     I
            f $f: X \to Y$ is bijective, then derivative of $f^{-1}: Y \to X...
pdfTeX warning (ext4): destination with the same identifier (name{theorem.3.7})
 has been already used, duplicate ignored
<to be read again> 
                   \relax 
l.1783     F
            unction $f: X \to \R$ has a local maximum at $x_0 \in X$ if $\ex...
pdfTeX warning (ext4): destination with the same identifier (name{theorem.3.8})
 has been already used, duplicate ignored
<to be read again> 
                   \relax 
l.1792     I
            f $f: X \to \R$ is differentiable, and has a local maximum atpdfTeX
 warning (ext4): destination with the same identifier (name{theorem.3.9}) has b
een already used, duplicate ignored
<to be read again> 
                   \relax 
l.1823     I
            f $f:[a,b] \to \R$ is differentiable and  $f(a) = f(b) = 0$, the...
[22]pdfTeX warning (ext4): destination with the same identifier (name{theorem.3
.10}) has been already used, duplicate ignored
<to be read again> 
                   \relax 
l.1842     I
            f $f: [a,b] \to \R$ is differentiable, then $\exists x _ 0 \in (...
pdfTeX warning (ext4): destination with the same identifier (name{theorem.3.11}
) has been already used, duplicate ignored
<to be read again> 
                   \relax 
l.1858     L
            et $f: [a,b] \to \R$, $g:[a,b] \to \R$ be both differentiable, then
pdfTeX warning (ext4): destination with the same identifier (name{theorem.3.12}
) has been already used, duplicate ignored
<to be read again> 
                   \relax 
l.1871     $
            f$ and $g$ are differentiable, with $g'(x) \not = 0$, $\forall x...
pdfTeX warning (ext4): destination with the same identifier (name{theorem.3.13}
) has been already used, duplicate ignored
<to be read again> 
                   \relax 
l.1883     I
            f $\underset{x \to x_0} \lim f'(x)$ exists, then $f'(x_0) = \und...
[23] [24] [25] [26]pdfTeX warning (ext4): destination with the same identifier 
(name{theorem.4.1}) has been already used, duplicate ignored
<to be read again> 
                   \relax 
l.2136     F
            or $f: \R^n \to \R^m$, write $f(x) =pdfTeX warning (ext4): destinat
ion with the same identifier (name{theorem.4.2}) has been already used, duplica
te ignored
<to be read again> 
                   \relax 
l.2174         T
                he Higher order (partial) derivatives for $f: \R^n \to \R$ i...
[27]pdfTeX warning (ext4): destination with the same identifier (name{theorem.4
.4}) has been already used, duplicate ignored
<to be read again> 
                   \relax 
l.2274     F
            or matrices and vectors that are made of real numbers, inner pro...
pdfTeX warning (ext4): destination with the same identifier (name{theorem.4.5})
 has been already used, duplicate ignored
<to be read again> 
                   \relax 
l.2289     L
            et $A$ be a $m\times n$ matrix, thenpdfTeX warning (ext4): destinat
ion with the same identifier (name{theorem.4.6}) has been already used, duplica
te ignored
<to be read again> 
                   \relax 
l.2298     L
            et $A$ be a $ n \times n $ matrix, and $x = [28]pdfTeX warning (ext
4): destination with the same identifier (name{theorem.4.1}) has been already u
sed, duplicate ignored
<to be read again> 
                   \relax 
l.2322     L
            et $A$ be a $n\times n$ matrix, then $A$ is invertible if $\exis...
pdfTeX warning (ext4): destination with the same identifier (name{theorem.4.2})
 has been already used, duplicate ignored
<to be read again> 
                   \relax 
l.2335     I
            f $A$ is a square matrix, then $A B = I_n \implies BA = I_n$.pdfTeX
 warning (ext4): destination with the same identifier (name{theorem.4.3}) has b
een already used, duplicate ignored
<to be read again> 
                   \relax 
l.2352     A
            n orthogonal matrix is an $n \times n$ matrix $A$ s.t. $A A^T = ...
[29]pdfTeX warning (ext4): destination with the same identifier (name{theorem.4
.4}) has been already used, duplicate ignored
<to be read again> 
                   \relax 
l.2378     F
            or $A= \begin{bmatrix}pdfTeX warning (ext4): destination with the s
ame identifier (name{theorem.4.5}) has been already used, duplicate ignored
<to be read again> 
                   \relax 
l.2385     $
            A$ is invertible if and only if rank$(A) = n$, or
Overfull \hbox (3.29655pt too wide) in paragraph at lines 2389--2390
[][]\OT1/cmr/m/n/24.88 Exam does re-quire cal-cu-lat-ing the de-ter-mi-nant
 []

pdfTeX warning (ext4): destination with the same identifier (name{theorem.4.6})
 has been already used, duplicate ignored
<to be read again> 
                   \relax 
l.2393     A
             matrix can realize any one of the following operations (casted ...
pdfTeX warning (ext4): destination with the same identifier (name{theorem.4.7})
 has been already used, duplicate ignored
<to be read again> 
                   \relax 
l.2409     F
            or a $n \times n$ matrix, if there exists $v \in \R^n$ and $\lam...
pdfTeX warning (ext4): destination with the same identifier (name{theorem.4.8})
 has been already used, duplicate ignored
<to be read again> 
                   \relax 
l.2424     U
            pon simply algebra, we see:pdfTeX warning (ext4): destination with 
the same identifier (name{theorem.4.9}) has been already used, duplicate ignore
d
<to be read again> 
                   \relax 
l.2447     W
            hen solving for $\lambda$ of matrix $A$, we are literally solvin...
[30]pdfTeX warning (ext4): destination with the same identifier (name{theorem.4
.10}) has been already used, duplicate ignored
<to be read again> 
                   \relax 
l.2466     L
            et $U$ be a vector space, and $V$ be a linear subspace of $U$. The
Missing character: There is no  in font cmr12!
Missing character: There is no  in font cmr12!
pdfTeX warning (ext4): destination with the same identifier (name{theorem.4.11}
) has been already used, duplicate ignored
<to be read again> 
                   \relax 
l.2478     I
            f $V$ is a linear subspace of linear space $U$, then $\forall u ...
[31]
Overfull \hbox (12.13968pt too wide) in paragraph at lines 2565--2567
[][]\OT1/cmr/bx/n/12 Proposition 5.7 \OT1/cmr/m/n/12 (Com-pare Rie-mann to Rie-
man-n-Stielt-jes)\OT1/cmr/bx/n/12 . [][]\OT1/cmr/m/n/12 When $\OML/cmm/m/it/12 
$ \OT1/cmr/m/n/12 is dif-fer-en-tiable, Rie-mann
 []

Package mdframed Info: mdframed detected package amsthm 
 changed the theorem header of amsthm
(mdframed)              on input line 2572.
[32]
Package mdframed Info: mdframed detected package amsthm 
 changed the theorem header of amsthm
(mdframed)              on input line 2635.

Overfull \hbox (18.97278pt too wide) in paragraph at lines 2648--2650
[][]\OT1/cmr/bx/n/12 Theorem 5.10 \OT1/cmr/m/n/12 (Fun-da-men-tal The-o-rem of 
Cal-cu-lus)\OT1/cmr/bx/n/12 . [][]$\OML/cmm/m/it/12 f$ \OT1/cmr/m/n/12 is in-te
-grable over $[\OML/cmm/m/it/12 a; b\OT1/cmr/m/n/12 ]$, $\OML/cmm/m/it/12 F$ \O
T1/cmr/m/n/12 is dif-fer-en-tiable
 []

[33]
Package mdframed Info: mdframed detected package amsthm 
 changed the theorem header of amsthm
(mdframed)              on input line 2711.
Package mdframed Info: mdframed detected package amsthm 
 changed the theorem header of amsthm
(mdframed)              on input line 2718.
 [34]pdfTeX warning (ext4): destination with the same identifier (name{theorem.
6.2}) has been already used, duplicate ignored
<to be read again> 
                   \relax 
l.2748     A
             subset $S$ of $X$ is open if $\forall x \in S$, $\exists \varep...
pdfTeX warning (ext4): destination with the same identifier (name{theorem.6.3})
 has been already used, duplicate ignored
<to be read again> 
                   \relax 
l.2754     A
             subset $S$ of $X$ is closed if $X \setminus S$ is open.pdfTeX warn
ing (ext4): destination with the same identifier (name{theorem.6.4}) has been a
lready used, duplicate ignored
<to be read again> 
                   \relax 
l.2769     $
            x$ is a limit point of $S$ if $\forall \varepsilon > 0$, [35pdfTeX 
warning (ext4): destination with the same identifier (name{theorem.6.1}) has be
en already used, duplicate ignored

\AtBegShi@Output ...ipout \box \AtBeginShipoutBox 
                                                  \fi \fi 
l.2832 \end{proposition}
                        ]pdfTeX warning (ext4): destination with the same ident
ifier (name{theorem.6.1}) has been already used, duplicate ignored
<to be read again> 
                   \relax 
l.2843     $
            \{a_n\}$ is a sequence in metric space $(X, d)$. We say that $\{...
pdfTeX warning (ext4): destination with the same identifier (name{theorem.6.2})
 has been already used, duplicate ignored
<to be read again> 
                   \relax 
l.2851     A
             convergent sequence in $(X,d)$ has a unique limit.pdfTeX warning (
ext4): destination with the same identifier (name{theorem.6.3}) has been alread
y used, duplicate ignored
<to be read again> 
                   \relax 
l.2874     E
            very convergent sequence in a metric space is bounded. (That is ...
pdfTeX warning (ext4): destination with the same identifier (name{theorem.6.4})
 has been already used, duplicate ignored
<to be read again> 
                   \relax 
l.2888     $
            S\subseteq X$ is closed if \textbf{every convergent sequence} \y...
pdfTeX warning (ext4): destination with the same identifier (name{theorem.6.1})
 has been already used, duplicate ignored
<to be read again> 
                   \relax 
l.2900     $
            (X, d_X)$, $(Y, d_Y)$ are two metric spaces. $f: X\to Y$ is cont...
[36]pdfTeX warning (ext4): destination with the same identifier (name{theorem.6
.2}) has been already used, duplicate ignored
<to be read again> 
                   \relax 
l.2916     A
             metric space is connected if $\not\exists $ nonempty open sets ...
pdfTeX warning (ext4): destination with the same identifier (name{theorem.6.3})
 has been already used, duplicate ignored
<to be read again> 
                   \relax 
l.2929     A
             metric space $(X, d)$ is connected if and only if the only pair...
pdfTeX warning (ext4): destination with the same identifier (name{theorem.6.4})
 has been already used, duplicate ignored
<to be read again> 
                   \relax 
l.2951     $
            (X, d_X)$ and $(Y, d_Y)$ are two metric spaces and $f: X\to Y$ is a
(Econ_600.bbl
Underfull \hbox (badness 3623) in paragraph at lines 9--12
[][]\OT1/cmr/m/n/12 Walter Rudin.  Prin-ci-ples of math-e-mat-i-cal anal-y-sis.
  \OT1/cmr/m/it/12 New York:
 []

)
Package atveryend Info: Empty hook `BeforeClearDocument' on input line 2968.
 [37]
Package atveryend Info: Empty hook `AfterLastShipout' on input line 2968.
 (Econ_600.aux)
Package atveryend Info: Executing hook `AtVeryEndDocument' on input line 2968.
Package atveryend Info: Executing hook `AtEndAfterFileList' on input line 2968.

Package rerunfilecheck Info: File `Econ_600.out' has not changed.
(rerunfilecheck)             Checksum: C1E24A37C94D651870D4DD5C915B59BB;2070.
Package atveryend Info: Empty hook `AtVeryVeryEnd' on input line 2968.
 ) 
Here is how much of TeX's memory you used:
 17283 strings out of 493673
 288498 string characters out of 3143952
 471680 words of memory out of 3000000
 20131 multiletter control sequences out of 15000+200000
 26864 words of font info for 106 fonts, out of 3000000 for 9000
 1025 hyphenation exceptions out of 8191
 45i,10n,42p,10422b,540s stack positions out of 5000i,500n,10000p,200000b,50000s
pdfTeX warning (dest): name{Hfootnote.14} has been referenced but does not ex
ist, replaced by a fixed one

pdfTeX warning (dest): name{Hfootnote.13} has been referenced but does not exis
t, replaced by a fixed one

pdfTeX warning (dest): name{Hfootnote.12} has been referenced but does not exis
t, replaced by a fixed one

pdfTeX warning (dest): name{Hfootnote.11} has been referenced but does not exis
t, replaced by a fixed one

pdfTeX warning (dest): name{Hfootnote.10} has been referenced but does not exis
t, replaced by a fixed one

pdfTeX warning (dest): name{Hfootnote.9} has been referenced but does not exist
, replaced by a fixed one

pdfTeX warning (dest): name{Hfootnote.8} has been referenced but does not exist
, replaced by a fixed one

pdfTeX warning (dest): name{Hfootnote.7} has been referenced but does not exist
, replaced by a fixed one

pdfTeX warning (dest): name{Hfootnote.6} has been referenced but does not exist
, replaced by a fixed one

pdfTeX warning (dest): name{Hfootnote.5} has been referenced but does not exist
, replaced by a fixed one

pdfTeX warning (dest): name{Hfootnote.4} has been referenced but does not exist
, replaced by a fixed one

pdfTeX warning (dest): name{Hfootnote.3} has been referenced but does not exist
, replaced by a fixed one

pdfTeX warning (dest): name{Hfootnote.1} has been referenced but does not exist
, replaced by a fixed one

<C:/Program Files/MiKTeX 2.9/fonts/type1/public/amsfonts/cm/cmbx10.pfb><C:/Prog
ram Files/MiKTeX 2.9/fonts/type1/public/amsfonts/cm/cmbx12.pfb><C:/Program File
s/MiKTeX 2.9/fonts/type1/public/amsfonts/cm/cmbx6.pfb><C:/Program Files/MiKTeX 
2.9/fonts/type1/public/amsfonts/cm/cmbxti10.pfb><C:/Program Files/MiKTeX 2.9/fo
nts/type1/public/amsfonts/cm/cmex10.pfb><C:/Program Files/MiKTeX 2.9/fonts/type
1/public/amsfonts/cm/cmmi10.pfb><C:/Program Files/MiKTeX 2.9/fonts/type1/public
/amsfonts/cm/cmmi12.pfb><C:/Program Files/MiKTeX 2.9/fonts/type1/public/amsfont
s/cm/cmmi6.pfb><C:/Program Files/MiKTeX 2.9/fonts/type1/public/amsfonts/cm/cmmi
7.pfb><C:/Program Files/MiKTeX 2.9/fonts/type1/public/amsfonts/cm/cmmi8.pfb><C:
/Program Files/MiKTeX 2.9/fonts/type1/public/amsfonts/cm/cmr10.pfb><C:/Program 
Files/MiKTeX 2.9/fonts/type1/public/amsfonts/cm/cmr12.pfb><C:/Program Files/MiK
TeX 2.9/fonts/type1/public/amsfonts/cm/cmr17.pfb><C:/Program Files/MiKTeX 2.9/f
onts/type1/public/amsfonts/cm/cmr6.pfb><C:/Program Files/MiKTeX 2.9/fonts/type1
/public/amsfonts/cm/cmr7.pfb><C:/Program Files/MiKTeX 2.9/fonts/type1/public/am
sfonts/cm/cmr8.pfb><C:/Program Files/MiKTeX 2.9/fonts/type1/public/amsfonts/cm/
cmsy10.pfb><C:/Program Files/MiKTeX 2.9/fonts/type1/public/amsfonts/cm/cmsy6.pf
b><C:/Program Files/MiKTeX 2.9/fonts/type1/public/amsfonts/cm/cmsy8.pfb><C:/Pro
gram Files/MiKTeX 2.9/fonts/type1/public/amsfonts/cm/cmti12.pfb><C:/Program Fil
es/MiKTeX 2.9/fonts/type1/public/amsfonts/cm/cmti7.pfb><C:/Program Files/MiKTeX
 2.9/fonts/type1/public/amsfonts/cm/cmti8.pfb><C:/Program Files/MiKTeX 2.9/font
s/type1/public/amsfonts/cm/cmtt12.pfb><C:/Program Files/MiKTeX 2.9/fonts/type1/
public/amsfonts/euler/eurm10.pfb><C:/Program Files/MiKTeX 2.9/fonts/type1/publi
c/amsfonts/symbols/msam10.pfb><C:/Program Files/MiKTeX 2.9/fonts/type1/public/a
msfonts/symbols/msbm10.pfb><C:/Program Files/MiKTeX 2.9/fonts/type1/urw/zapfdin
g/uzdr.pfb>
Output written on Econ_600.pdf (37 pages, 474772 bytes).
PDF statistics:
 676 PDF objects out of 1000 (max. 8388607)
 276 named destinations out of 1000 (max. 500000)
 217 words of extra memory for PDF output out of 10000 (max. 10000000)

