\BOOKMARK [1][-]{section.1}{Lecture 1: Logic, Sets and some Real AnalysisRelation, Function, Correspondence and Sequences in R}{}% 1
\BOOKMARK [2][-]{subsection.1.1}{Logic}{section.1}% 2
\BOOKMARK [2][-]{subsection.1.2}{Sets}{section.1}% 3
\BOOKMARK [2][-]{subsection.1.3}{Relation, Function and Correspondence}{section.1}% 4
\BOOKMARK [2][-]{subsection.1.4}{Sequences}{section.1}% 5
\BOOKMARK [1][-]{section.2}{Lecture 2: convergence and more}{}% 6
\BOOKMARK [2][-]{subsection.2.1}{Sequence and Convergence}{section.2}% 7
\BOOKMARK [2][-]{subsection.2.2}{Real Value Functions}{section.2}% 8
\BOOKMARK [1][-]{section.3}{Lecture 3: Linear Space and f: X R, continued}{}% 9
\BOOKMARK [2][-]{subsection.3.1}{Linear spaces and linear algebra}{section.3}% 10
\BOOKMARK [3][-]{subsubsection.3.1.1}{*Finite* Linear combination, span and linear independence of vectors}{subsection.3.1}% 11
\BOOKMARK [3][-]{subsubsection.3.1.2}{Matrix}{subsection.3.1}% 12
\BOOKMARK [2][-]{subsection.3.2}{Real-Valued functions continued}{section.3}% 13
\BOOKMARK [3][-]{subsubsection.3.2.1}{Continuity and its corollaries}{subsection.3.2}% 14
\BOOKMARK [2][-]{subsection.3.3}{Differentiation}{section.3}% 15
\BOOKMARK [1][-]{section.4}{Lecture 4: Differentiation and Linear Algebra}{}% 16
\BOOKMARK [2][-]{subsection.4.1}{Differentiation}{section.4}% 17
\BOOKMARK [3][-]{subsubsection.4.1.1}{Multi-variable Calculus}{subsection.4.1}% 18
\BOOKMARK [3][-]{subsubsection.4.1.2}{Partial Derivatives }{subsection.4.1}% 19
\BOOKMARK [3][-]{subsubsection.4.1.3}{Gradient}{subsection.4.1}% 20
\BOOKMARK [2][-]{subsection.4.2}{Vector \046 Matrix Differentiation}{section.4}% 21
